
> dg@4.5.1 build D:\Workspace\pedyc\site\apps\dg
> npm run subset-fonts && npm run build:main

npm warn config ignoring workspace config at D:\Workspace\pedyc\site\apps\dg/.npmrc

> dg@4.5.1 subset-fonts
> node quartz/scripts/subset_fonts.js

Extracting Chinese characters...
Extracted 2597 unique Chinese characters to D:\Workspace\pedyc\site\apps\dg\quartz\scripts\chinese_chars.txt
Character extraction complete.
Subsetting font D:\Workspace\pedyc\site\apps\dg\quartz\static\fonts\lxgw.woff...
Executing command: pyftsubset D:\Workspace\pedyc\site\apps\dg\quartz\static\fonts\lxgw.woff --text-file=D:\Workspace\pedyc\site\apps\dg\quartz\scripts\chinese_chars.txt --output-file=D:\Workspace\pedyc\site\apps\dg\quartz\static\fonts\lxgw.subset.woff --flavor=woff
Font subsetting stdout: 
Font subsetting complete: D:\Workspace\pedyc\site\apps\dg\quartz\static\fonts\lxgw.subset.woff
Cleaned up D:\Workspace\pedyc\site\apps\dg\quartz\scripts\chinese_chars.txt
npm warn config ignoring workspace config at D:\Workspace\pedyc\site\apps\dg/.npmrc

> dg@4.5.1 build:main
> node quartz/bootstrap-cli.mjs build


 Quartz v4.5.1  

(node:23248) [DEP0040] DeprecationWarning: The `punycode` module is deprecated. Please use a userland alternative instead.
(Use `node --trace-deprecation ...` to show where the warning was created)
Cleaned output directory `public` in 600ms
Found 592 input files from `content` in 67ms
Parsing input files using 4 threads
(node:23248) [DEP0040] DeprecationWarning: The `punycode` module is deprecated. Please use a userland alternative instead.
(Use `node --trace-deprecation ...` to show where the warning was created)
(node:23248) [DEP0040] DeprecationWarning: The `punycode` module is deprecated. Please use a userland alternative instead.
(Use `node --trace-deprecation ...` to show where the warning was created)
(node:23248) [DEP0040] DeprecationWarning: The `punycode` module is deprecated. Please use a userland alternative instead.
(Use `node --trace-deprecation ...` to show where the warning was created)
(node:23248) [DEP0040] DeprecationWarning: The `punycode` module is deprecated. Please use a userland alternative instead.
(Use `node --trace-deprecation ...` to show where the warning was created)

Warning: content/PARA/20-AREAS/02前端/Hooks (React).md isn't yet tracked by git, dates will be inaccurate

Warning: content/Diary/2025-09-13.md isn't yet tracked by git, dates will be inaccurate

Warning: content/PARA/20-AREAS/02前端/React 重新渲染.md isn't yet tracked by git, dates will be inaccurate

Warning: content/Diary/2025-09-14.md isn't yet tracked by git, dates will be inaccurate

Warning: content/Diary/2025-09-15.md isn't yet tracked by git, dates will be inaccurate

Warning: content/Diary/2025-09-17.md isn't yet tracked by git, dates will be inaccurate

Warning: content/PARA/20-AREAS/02前端/useCallback.md isn't yet tracked by git, dates will be inaccurate

Warning: content/PARA/20-AREAS/02前端/组件 (React).md isn't yet tracked by git, dates will be inaccurate
Parsed 592 Markdown files in 28s
Filtered out 0 files in 865μs
Emitting files
Emitted 1624 files to `public` in 2m
Done processing 592 files in 3m
